C51 COMPILER V9.59.0.0   PTO_PARALELO                                                      10/20/2021 16:01:04 PAGE 1   


C51 COMPILER V9.59.0.0, COMPILATION OF MODULE PTO_PARALELO
OBJECT MODULE PLACED IN .\Objects\pto_paralelo.obj
COMPILER INVOKED BY: C:\Keil_v5\C51\BIN\C51.EXE pto_paralelo.c LARGE OPTIMIZE(8,SPEED) BROWSE INCDIR(..\vrfcdor_impresor
                    -a) DEBUG OBJECTEXTEND PRINT(.\Listings\pto_paralelo.lst) TABS(2) OBJECT(.\Objects\pto_paralelo.obj)

line level    source

   1          #include <pto_paralelo.h>
   2          #include <reg51.h>
   3          #include <string.h>
   4          
   5          extern void Delay (void);
   6          extern void Delay_20us(unsigned int cnt);
   7          extern void off_Timer0_Interrup(void);
   8          extern void on_Timer0_Interrup(void);
   9          extern void          _nop_     (void);
  10          extern void Block_read_Clock(unsigned char *datos_clock);
  11          extern char lee_clk (unsigned char dir_clk);
  12          extern int sprintf  (char *, const char *, ...);
  13          extern void DebugBufferMF(unsigned char *str,unsigned char num_char,char io);
  14          extern void Debug_Dividir_texto();
  15          extern void Block_read_Clock_Hex(unsigned char *datos_clock);
  16          extern void serie_ascii_siceros_l(unsigned char *serie);
  17          extern void LeerMemoria(unsigned int addres,unsigned char *res);
  18          extern void ceros_izq(unsigned char *dato);
  19          extern unsigned char bcd_hex (unsigned char l_data);
  20          extern void Debug_txt_Tibbo(unsigned char * str);
  21          
  22          
  23          /*pines del pto paralelo*/
  24          sbit port_clk = P3^4;       //Recepcion AUX                     *
  25          sbit busy = P3^3;           /*bussy de Entrada Interrupcion del Procesador principal      */
  26          sbit ready = P3^2;          //Salida. solicitud envio Datos             *
  27          sbit rx_in_data = P0^6;       //Indicador de Rx Transporte o Lectura Wiegand      *
  28          sbit led_err_imp = P0^2;      //Error   
  29          
  30          #define MAX_DAT_BUFF    40
  31          #define TIME_WBUS       20000
  32          #define STX             02 
  33          #define ETX             03 
  34          /*concecutivo de la factura*/
  35          #define EE_CONSECUTIVO3 0X0500
  36          
  37          /*definiciones del reloj*/
  38          
  39          /*CMD DE LECTURA DEL RELOJ*/
  40          #define RDIA            0x87
  41          #define RMES            0x89
  42          #define RANO            0x8D
  43          #define RHORA           0x85
  44          #define RMIN            0x83
  45          
  46          /*definicion de variable globales*/
  47          extern int ID_CLIENTE;            
  48          extern int COD_PARK;
  49          extern unsigned char placa[];
  50          extern unsigned char Tipo_Vehiculo;
  51          /*------------------------------------------------------------------------------
  52          
  53          Recibe informacion del Mc principla por pto paralelo
  54          retorna:
C51 COMPILER V9.59.0.0   PTO_PARALELO                                                      10/20/2021 16:01:04 PAGE 2   

  55          num_data= numero de caracteres recibidos
  56          buffer_port= apuntador donde se almacena el dato recibido
  57          busy=0    significa que el principla me transmite una cadena de datos
  58          Ready=0   significa que estoy listo para recibir los datos
  59          time_out= es el tiempo de espera que le damos al ciclo de reloj en alto si se pasa el tiempo se sale por f
             -in de la transmicion 
  60          rx_in_data= 0 prende el led que estoy recibiendo un dato (1) termina la recepcion del dato
  61          
  62          ------------------------------------------------------------------------------*/
  63          unsigned char recibe_port(unsigned char *buffer_port)
  64          {
  65   1      
  66   1        unsigned int count;
  67   1        unsigned char time_out,num_data;
  68   1        unsigned int T_ANCHO=152;
  69   1        
  70   1          
  71   1          off_Timer0_Interrup();        
  72   1          num_data=0;
  73   1          rx_in_data=0;
  74   1          time_out=0;
  75   1          ready=0;
  76   1          count=T_ANCHO;
  77   1      
  78   1        
  79   1          while((busy==0)&&(time_out==0))
  80   1          {
  81   2            count=T_ANCHO;
  82   2            do
  83   2            {
  84   3              count--;
  85   3                if (count==0)
  86   3                {
  87   4                  time_out=1;
  88   4                }
  89   3                
  90   3            }while((port_clk==1)&&(time_out==0));                         /*pulso de reloj alto esperamos el cambio de estado d
             -el reloj a 0  para recibir transmicion*/
  91   2              if ((port_clk==0)&&(time_out==0))
  92   2              {
  93   3              *buffer_port=P2;                                            /*almaceno informacion en el buffer*/
  94   3              num_data++;
  95   3              buffer_port++;
  96   3              count=T_ANCHO;
  97   3              }
  98   2              else
  99   2              { break;}
 100   2            do
 101   2            {
 102   3                      
 103   3            }while ((port_clk==0));                                       /*espero el estado de subida del reloj a 1 para comensar el 
             -ciclo*/
 104   2              
 105   2          }
 106   1        
 107   1          ready=1;
 108   1          rx_in_data=1;
 109   1          on_Timer0_Interrup();
 110   1        
 111   1        return num_data;
 112   1      }
 113          
C51 COMPILER V9.59.0.0   PTO_PARALELO                                                      10/20/2021 16:01:04 PAGE 3   

 114          
 115          /*-------------------------------------------------------------------------------------------
 116          
 117          Rutina de envio de datos pto paralelo
 118          
 119          -------------------------------------------------------------------------------------------*/
 120          void  send_port(unsigned char *buffer_port, unsigned char length_char)
 121          {
 122   1       
 123   1        long int cont;
 124   1        unsigned char timeOut,length;
 125   1        
 126   1        length=length_char;
 127   1      
 128   1        ready=1;                                        // Genera interrupcion al Principal
 129   1        port_clk=1;                                     // El que transmite debe fijar primero el Clk en 1
 130   1        rx_in_data=0;                                   // Led de visualizacion   ON
 131   1        timeOut=0;                                      // Tiempo de Espera
 132   1        ready=0;                                        // Genera interrupcion al Principal
 133   1        cont=TIME_WBUS;
 134   1      
 135   1        while ((busy==1)&&(timeOut==0))                 //Espera reconocimiento INT por entrada busy
 136   1        {
 137   2          ready=0;
 138   2          port_clk=1;
 139   2          cont--;
 140   2          if (cont==0)
 141   2          {
 142   3            timeOut=1;
 143   3            led_err_imp=0;                              // LED ERROR
 144   3          }
 145   2        }
 146   1        if ((timeOut==0)&&(busy==0))
 147   1        {
 148   2            
 149   2          
 150   2          do 
 151   2          {
 152   3            
 153   3                P2=*buffer_port;
 154   3                Pulso_Bus();
 155   3                buffer_port++;
 156   3            
 157   3                length_char--;
 158   3          }while (length_char);
 159   2            
 160   2          }
 161   1        P2=0XFF;
 162   1        ready=1;
 163   1        port_clk=1;
 164   1        rx_in_data=1;                                   //Led de visualizacion  OFF
 165   1        Delay_20us(98);
 166   1            
 167   1          
 168   1      }
 169          
 170          /*-------------------------------------------------------------------------------------------
 171          Funcion q arma la trama a transmitir pto paralelo trama P
 172          -------------------------------------------------------------------------------------------*/ 
 173          /*TEMPORALMENTE FUERA DE SERVICIO EXPEDIDOR TICKET*/
 174          //void Trama_pto_Paralelo_P(unsigned char *buffer_S1_B0,unsigned char *buffer_S1_B2,unsigned char cmd)
 175          //{
C51 COMPILER V9.59.0.0   PTO_PARALELO                                                      10/20/2021 16:01:04 PAGE 4   

 176            
 177          //static unsigned char Buffer_port[30];
 178          //  unsigned char j=3;
 179          //  Buffer_port[0]=STX;                               /*inicio de cmd STx*/
 180          //  Buffer_port[1]=cmd;                               /*cmd*/
 181          //  Buffer_port[2]=21;                                /*numero de digitos de transmicion NO IMPORTA NO ES VALIDADO EN PRINC
             -IPAL*/
 182          //  do
 183          //  {
 184          //   Buffer_port[j++]=*buffer_S1_B0;                  /*ticket*/
 185          //    buffer_S1_B0++;
 186          //  }while (*buffer_S1_B0!=0);
 187          //  Buffer_port[2]=j-3;
 188          //  if(*(buffer_S1_B2+5)!=0)                          /*MF_DCTO           0x05        Tipo de descuento (00)sin descuento, (01xx 
             -xxxx) 0x40 fija fecha de salida,
 189          //                                                    10xx xxxx dcto por porcentaje xx xxxx= valor del porcentaje, 11xx xxxx dcto po
             -r dinero */
 190          //  {
 191          //    Buffer_port[j++]='-';                           /*separador del descuento*/
 192          //    Buffer_port[j++]=*(buffer_S1_B2+5)+0x30;        /*descuento pasado a ascii*/
 193          //  }
 194            
 195          
 196            
 197          //    Buffer_port[j++]='.';                           /*separador tipo de vehiculo*/
 198                                                              /*MF_TIPO_VEHICULO  0x08              tipo vehiculo 00 carro, 01 moto, 02 bicicleta, 04 
             -tractomula*/
 199              
 200          //    if(*(buffer_S1_B2+8)!=0)
 201          //    {
 202          //      Buffer_port[j++]='M';                         /*moto*/
 203          //    }
 204          //    else
 205          //    {
 206          //      Buffer_port[j++]='C';                         /*carro*/
 207          //    }
 208              
 209              
 210          //    ready=0;
 211                //while(busy==0);
 212          //    send_port(Buffer_port,j);                         /*trama transmitida pto paralelo*/
 213          //      Debug_Dividir_texto();                                              /*division del texto */
 214                        
 215          //      DebugBufferMF(Buffer_port,j,1);   
 216          //      Debug_Dividir_texto();  
 217              
 218                
 219          //}
 220          
 221          /*-------------------------------------------------------------------------------------------
 222          Funcion q arma la trama a transmitir pto paralelo trama 
 223          C = cajero
 224          s =
 225          -------------------------------------------------------------------------------------------*/ 
 226          //void Trama_pto_Paralelo_C_s(unsigned char *buffer_S1_B0,unsigned char *buffer_S1_B2)
 227          //{
 228          //  unsigned char Buffer_port[30];
 229          //  unsigned char j=2;
 230          //  Buffer_port[0]=STX;                               /*inicio de cmd STx*/
 231            //Buffer_port[1]=cmd;                               /*cmd*/
 232            
 233          //  do
C51 COMPILER V9.59.0.0   PTO_PARALELO                                                      10/20/2021 16:01:04 PAGE 5   

 234            //{
 235            // Buffer_port[j++]=*buffer_S1_B0;                  /*ticket*/
 236            //  buffer_S1_B0++;
 237            //}while (*buffer_S1_B0!=0);
 238            
 239            
 240                  
 241            
 242            
 243            //if(*(buffer_S1_B2+5)!=0)                          /*MF_DCTO           0x05        Tipo de descuento (00)sin descuento, (01xx 
             -xxxx) 0x40 fija fecha de salida,
 244          //                                                    10xx xxxx dcto por porcentaje xx xxxx= valor del porcentaje, 11xx xxxx dcto po
             -r dinero */
 245            //{
 246              //Buffer_port[j++]='-';                           /*separador del descuento*/
 247              //Buffer_port[j++]=*(buffer_S1_B2+5)+0x30;        /*descuento pasado a ascii*/
 248            //}
 249            //else
 250            //{
 251            //  Buffer_port[j++]='-';                           /*separador del descuento*/
 252            //  Buffer_port[j++]='0';
 253            //}
 254            //if((*(buffer_S1_B2+9)&0x0f)==0x0f)                  /*MF_IN_PAGO=0x09       si es =0x0f fue liquidado en cajero   */
             -  
 255            //{
 256              //Buffer_port[1]='C';
 257            //}
 258            //else
 259            //{
 260            //  Buffer_port[1]='s';
 261            //}
 262            //  Buffer_port[j++]='-';                           /*separador de la fecha de entrada*/
 263            //  Buffer_port[j++]=*(buffer_S1_B2+0)+0x030;       /*año de entrada*/
 264            //  Buffer_port[j++]=*(buffer_S1_B2+1)+0x030;       /*mes de entrada*/
 265            //  Buffer_port[j++]=*(buffer_S1_B2+2)+0x030;       /*dia de entrada*/
 266            //  Buffer_port[j++]=*(buffer_S1_B2+3)+0x030;       /*hora de entrada*/
 267            //  Buffer_port[j++]=*(buffer_S1_B2+4)+0x030;       /*minutos de entrada*/
 268            
 269          //    Buffer_port[j++]='.';                           /*separador tipo de vehiculo*/
 270                                                              /*MF_TIPO_VEHICULO  0x08              tipo vehiculo 00 carro, 01 moto, 02 bicicleta, 04 
             -tractomula*/
 271              
 272            //  if(*(buffer_S1_B2+8)!=0)
 273              //{
 274                //Buffer_port[j++]='M';                         /*moto*/
 275              //}
 276              //else
 277              //{
 278              //  Buffer_port[j++]='C';                         /*carro*/
 279              //}
 280              //Buffer_port[j++]=ETX; 
 281              //while(busy==0);
 282              //send_port(Buffer_port,j);                         /*trama transmitida pto paralelo*/
 283              
 284            
 285          //}
 286          
 287          /*-------------------------------------------------------------------------------------------
 288          Funcion q arma la trama a transmitir pto paralelo trama g
 289          -------------------------------------------------------------------------------------------*/ 
 290          /*TEMPORARMENTE FUERA DE SERVICIO POR EXPEDIDOR TICKET*/
 291          //void Trama_pto_Paralelo_new(unsigned char *buffer_S1_B0,unsigned char *buffer_S1_B2,unsigned char cmd)
C51 COMPILER V9.59.0.0   PTO_PARALELO                                                      10/20/2021 16:01:04 PAGE 6   

 292          //{
 293          //  unsigned char Buffer_port[30];
 294          //  unsigned char j=2;
 295            
 296          //  Buffer_port[0]=STX;                               /*inicio de cmd STx*/
 297          //  Buffer_port[1]=cmd;                               /*cmd*/
 298          
 299          //  do
 300          //  {
 301          //   Buffer_port[j++]=*buffer_S1_B0;                  /*ticket*/
 302          //    buffer_S1_B0++;
 303          //  }while (*buffer_S1_B0!=0);
 304            
 305          //  if(*(buffer_S1_B2+5)!=0)                          /*MF_DCTO           0x05        Tipo de descuento (00)sin descuento, (01xx 
             -xxxx) 0x40 fija fecha de salida,
 306          //                                                    10xx xxxx dcto por porcentaje xx xxxx= valor del porcentaje, 11xx xxxx dcto po
             -r dinero */
 307          //  {
 308            //  Buffer_port[j++]='-';                           /*separador del descuento*/
 309          //    Buffer_port[j++]=*(buffer_S1_B2+5)+0x30;        /*descuento pasado a ascii*/
 310          //  }
 311          //  else
 312          //  {
 313          //    Buffer_port[j++]='-';                           /*separador del descuento*/
 314          //    Buffer_port[j++]='0';
 315          //  }
 316            
 317          //  if((*(buffer_S1_B2+9)&0x0f)==0x0f)                  /*MF_IN_PAGO=0x09       si es =0x0f fue liquidado en cajero   */
             -  
 318          //  {
 319          //    Buffer_port[1]='C';
 320          //  }
 321          //  else
 322          //  {
 323          //    Buffer_port[1]='s';
 324          //  }
 325            
 326          //    Buffer_port[j++]='-';                           /*separador de la fecha de entrada*/
 327          //    Buffer_port[j++]=*(buffer_S1_B2+0)+0x030;       /*año de entrada*/
 328          //    Buffer_port[j++]=*(buffer_S1_B2+1)+0x030;       /*mes de entrada*/
 329          //    Buffer_port[j++]=*(buffer_S1_B2+2)+0x030;       /*dia de entrada*/
 330          //    Buffer_port[j++]=*(buffer_S1_B2+3)+0x030;       /*hora de entrada*/
 331          //    Buffer_port[j++]=*(buffer_S1_B2+4)+0x030;       /*minutos de entrada*/
 332          //    Buffer_port[j++]='-'; 
 333              
 334          //    Block_read_Clock_Hex(Buffer_port+j);
 335              
 336          //    Buffer_port[j++]=Buffer_port[j]+ 0x30;
 337          //    Buffer_port[j++]=Buffer_port[j]+ 0x30;
 338          //    Buffer_port[j++]=Buffer_port[j]+ 0x30;
 339          //    Buffer_port[j++]=Buffer_port[j]+ 0x30;
 340          //    Buffer_port[j++]=Buffer_port[j]+ 0x30;
 341              
 342              
 343            
 344          //    Buffer_port[j++]='.';                           /*separador tipo de vehiculo*/
 345                                                              /*MF_TIPO_VEHICULO  0x08              tipo vehiculo 00 carro, 01 moto, 02 bicicleta, 04 
             -tractomula*/
 346              
 347          //    if(*(buffer_S1_B2+8)!=0)
 348          //    {
 349          //      Buffer_port[j++]='M';                         /*moto*/
C51 COMPILER V9.59.0.0   PTO_PARALELO                                                      10/20/2021 16:01:04 PAGE 7   

 350            //  }
 351            //  else
 352          //    {
 353          //      Buffer_port[j++]='C';                         /*carro*/
 354          //    }
 355          //    Buffer_port[j++]=ETX; 
 356            
 357              
 358          //    ready=0;
 359          //      while(busy==0);
 360          //    send_port(Buffer_port,j);                         /*trama transmitida pto paralelo*/
 361              
 362          //      Debug_Dividir_texto();                                              /*division del texto */
 363                        
 364          //      DebugBufferMF(Buffer_port,j,1);   
 365          //      Debug_Dividir_texto();  
 366          //}
 367          
 368          /*-------------------------------------------------------------------------------------------
 369          Funcion q arma la trama a transmitir pto paralelo trama de salida codigo qr o barras
 370          -------------------------------------------------------------------------------------------*/ 
 371          
 372          void Trama_print_cod_barras(unsigned char *msj,unsigned char vehiculo)
 373          {
 374   1        unsigned char temp[6];
 375   1        unsigned char Buffer_port[30];
 376   1        unsigned char j=2;
 377   1      
 378   1        Buffer_port[0]=STX;                               /*inicio de cmd STx*/
 379   1        Buffer_port[1]='s';                               /*cmd*/
 380   1        Buffer_port[2]=0x00;                              /*finalizo la trama para sumarla con la otra trama*/
 381   1        j=strlen(msj);                                    /*longitud de la trama*/
 382   1        strncat(Buffer_port,msj,j);                       /*une los dos strim copio el Ticket mes el caracter del enter*/
 383   1        strcat(Buffer_port,"-0s-");                       /*sin descuento y liquidacion*/
 384   1        /*fecha actual*/
 385   1        /*año*/
 386   1        temp[0]=(bcd_hex(lee_clk(RANO)))+0x30;  
 387   1        /*mes*/
 388   1        temp[1]=(bcd_hex(lee_clk(RMES)))+0x30;  
 389   1        /*Dia*/
 390   1        temp[2]=(bcd_hex(lee_clk(RDIA)))+0x30;
 391   1        /*hora*/  
 392   1        temp[3]=(bcd_hex(lee_clk(RHORA)))+0x30;
 393   1        /*minutos*/ 
 394   1        temp[4]=(bcd_hex(lee_clk(RMIN)))+0x30;
 395   1        temp[5]=0;
 396   1        strcat(Buffer_port,temp);                       /*sumo la fecha actual*/
 397   1        strcat(Buffer_port,"-11111.");                  /*sumo fecha de salida y tipo de vehiculo*/ 
 398   1        temp[0]=vehiculo;
 399   1        temp[1]=0;
 400   1        strcat(Buffer_port,temp);
 401   1        j=strlen(Buffer_port);
 402   1        //Buffer_port[j]=vehiculo;  
 403   1        //j++;
 404   1        Buffer_port[j]=ETX;                             /*le sumo el fin de la trama*/
 405   1      /*debuger trama */  
 406   1        ready=0;
 407   1        while(busy==0);
 408   1        send_port(Buffer_port,j+1);                         /*trama transmitida pto paralelo*/
 409   1          
 410   1        Debug_Dividir_texto();                                              /*division del texto */
 411   1        DebugBufferMF(Buffer_port,j+1,1);   
C51 COMPILER V9.59.0.0   PTO_PARALELO                                                      10/20/2021 16:01:04 PAGE 8   

 412   1        Debug_Dividir_texto();  
 413   1      
 414   1      }
 415          /*-------------------------------------------------------------------------------------------
 416          Funcion q arma la trama a transmitir pto paralelo trama de salida codigo qr 
 417          -------------------------------------------------------------------------------------------*/ 
 418          /*
 419          void Trama_print_cod_QR(unsigned char *msj)
 420          {
 421            unsigned char temp[6];
 422            unsigned char Buffer_port[30];
 423            unsigned char j=2;
 424          
 425            Buffer_port[0]=STX;                               /*inicio de cmd STx*/
 426          //  Buffer_port[1]='g';                               /*cmd*/
 427          //  Buffer_port[2]=0x00;                              /*finalizo la trama para sumarla con la otra trama*/  
 428            
 429            
 430          //}
 431          /*--------------------------------------------------------------------------------------------------------
 432          la trama 02,a,No ticket,,tipo vehiculo,,fecha_int,10 ceros o fecha maxima de salida, placa, etx
 433          ---------------------------------------------------------------------------------------------------------*
             -/
 434          //void Trama_pto_paralelo_printer(unsigned char cmd)
 435          //{
 436          //  unsigned char Buffer_port[30];
 437          //  unsigned char serie[10];
 438          //  unsigned char j=2;
 439          //  unsigned char t,p,temp=0;
 440          //  Buffer_port[0]=STX;                                   /*inicio de cmd STx*/
 441          //  Buffer_port[1]=cmd;                                   /*cmd*/
 442            
 443            
 444          //  serie_ascii_siceros_l(serie);                         /*numero de ticket*/
 445          //  p=strlen(serie);                                      /*longitud del ticket*/
 446          //  t=0;
 447          //  j=2;
 448          //  do
 449          //  {
 450          //   Buffer_port[j++]=serie[t];                           /*ticket o consecutivo almacenado en el buffer*/
 451          //    p--;
 452          //    t++;
 453          //  }while (p!=0);  
 454                
 455          //  Buffer_port[j++]='-';
 456          //  temp=j;
 457          //  Block_read_Clock_Hex(Buffer_port+j);                   /*fecha de entrada*/
 458          //  j=temp;
 459          //  Buffer_port[j++]=Buffer_port[j]+ 0x30;
 460          //  Buffer_port[j++]=Buffer_port[j]+ 0x30;
 461          //  Buffer_port[j++]=Buffer_port[j]+ 0x30;
 462          //  Buffer_port[j++]=Buffer_port[j]+ 0x30;
 463          //  Buffer_port[j++]=Buffer_port[j]+ 0x30;
 464          
 465          //  Buffer_port[j++]='-';
 466              
 467          //  p=strlen(placa);                                        /*longitud de la placa*/
 468            
 469          //  t=0;
 470          //  if(p!=0)
 471          //  {   
 472          //    do
C51 COMPILER V9.59.0.0   PTO_PARALELO                                                      10/20/2021 16:01:04 PAGE 9   

 473          //    {
 474          //    Buffer_port[j++]=placa[t];                              /*almaceno la placa en el buffer*/
 475          //    p--;
 476          //    t++;
 477          //    }while (p!=0);
 478          //  }
 479          //  else
 480          //  {
 481          //    Buffer_port[j++]=' ';                                   /*no hay placa*/
 482          //  }
 483          
 484          //  Buffer_port[j++]=ETX;                                     /*final de la trama*/
 485            
 486          //  ready=0;
 487          //  while(busy==0);
 488          //  send_port(Buffer_port,j);                               /*trama transmitida pto paralelo*/
 489              
 490          //  Debug_Dividir_texto();                                  /*division del texto */
 491                        
 492          //  DebugBufferMF(Buffer_port,j,1);                         /*debuger de la trama*/
 493          //  Debug_Dividir_texto();    
 494          //}
 495          
 496          /*-------------------------------------------------------------------------------------------
 497          Reloj del pto paralelo
 498          -------------------------------------------------------------------------------------------*/
 499          void Pulso_Bus(void)
 500          {
 501   1        port_clk=0;
 502   1        Delay_20us(40);                 //33
 503   1        port_clk=1;
 504   1        Delay_20us(40);                 /*wait_ancho*/
 505   1      }
 506          /*-------------------------------------------------------------------------------------------
 507          Envia msj de error visualizar en el lcd del micro principal
 508          -------------------------------------------------------------------------------------------*/
 509          void send_portERR(unsigned char cod_err)
 510          {
 511   1        unsigned char timeOut;
 512   1        long int cont;
 513   1        
 514   1        port_clk=1;                                   /*Reloj del pto paralelo El que transmite debe fijar primero el Clk en 1*/
 515   1        rx_in_data=0;                                 //Led de visualizacion  ON
 516   1        timeOut=0;
 517   1        cont=15000;
 518   1        
 519   1        P2=cod_err;
 520   1        ready=0;                                      //Genera interrupcion al Principal
 521   1        while ((busy==1)&&(timeOut==0))               //Espera reconocimiento INT por entrada busy
 522   1        {
 523   2          cont--;
 524   2          if (cont==0)
 525   2          {
 526   3            timeOut=1;
 527   3          }
 528   2        }
 529   1        if ((timeOut==0)&&(busy==0))
 530   1        {
 531   2              P2=cod_err;
 532   2            Pulso_Bus();
 533   2        }
 534   1        ready=1;
C51 COMPILER V9.59.0.0   PTO_PARALELO                                                      10/20/2021 16:01:04 PAGE 10  

 535   1        port_clk=1;
 536   1        rx_in_data=1;                                   //Led de visualizacion  OFF
 537   1      
 538   1        P2=0XFF;
 539   1      
 540   1        Delay_20us(98); 
 541   1        Delay_20us(98); 
 542   1        
 543   1      }
 544          /*-------------------------------------------------------------------------------------------
 545          Condiciones de Inicio del pto paralelo
 546          -------------------------------------------------------------------------------------------*/
 547          void cond_ini_pto()
 548          { 
 549   1        
 550   1        port_clk=1;
 551   1        ready=1;
 552   1        rx_in_data=1;
 553   1        P2=0xff;
 554   1      }
 555          /*------------------------------------------------------------------------------
 556          Funcion q carga el reloj y lo envia por el pto paralelo
 557          msj informativo con el pulsador funcion 
 558          ------------------------------------------------------------------------------*/
 559          void load_and_send_info_reloj()
 560          {
 561   1        unsigned char buffer_info[11];
 562   1        
 563   1          buffer_info[0]=STX;                   /*STX*/
 564   1          
 565   1          buffer_info[1]='i';                   /*se envia el cmd*/
 566   1          
 567   1          Block_read_Clock(buffer_info+2);      /*año, mes,dia, hora, minutos, segundos*/
 568   1          buffer_info[8]=lee_clk(0x8b);         //Dia semana
 569   1          buffer_info[9]=ETX;                   //ETX
 570   1      
 571   1         
 572   1      
 573   1          send_port(buffer_info,10);
 574   1      }
 575          
 576          /*------------------------------------------------------------------------------
 577          procedimiento que transmite por el pto paralelo ID_cliente,COD_park
 578          con el pulsador funcion
 579          ------------------------------------------------------------------------------*/ 
 580          void load_and_send_id_cod()
 581          {
 582   1      unsigned char buffer_info[11];
 583   1      unsigned char buf[4];
 584   1      unsigned char i,k;
 585   1      k=0;
 586   1      
 587   1          buffer_info[0]=STX;                       //STX
 588   1          buffer_info[1]='D';                       // nombre del comando de id_cliente, cod_park
 589   1          sprintf(buf,"%d",ID_CLIENTE);             /*ID_CLIENTE lo paso a strim */
 590   1          for(i=2;;i++)
 591   1          {
 592   2            if(buf[k] !=0)                          /*alamaceno id del clinete en el buffer*/
 593   2            {
 594   3            buffer_info[i]=buf[k] ;                 /*alamaceno el dato en el buffer*/
 595   3            k++;
 596   3            }
C51 COMPILER V9.59.0.0   PTO_PARALELO                                                      10/20/2021 16:01:04 PAGE 11  

 597   2              else {buffer_info[i]=';'; i++; break;}  /*le pongo un  separador */
 598   2              
 599   2           }
 600   1        
 601   1        
 602   1           sprintf(buf,"%d",COD_PARK);                /*cod_park lo paso a strim*/
 603   1          
 604   1          for(k=0;;i++)
 605   1          {
 606   2            if(buf[k] !=0)
 607   2            {
 608   3            buffer_info[i]=buf[k] ;                   /*lo almaceno en el  buffer*/
 609   3            k++;
 610   3            }else {buffer_info[i]=';'; i++; break;}
 611   2           }
 612   1        
 613   1        
 614   1            buffer_info[i]=ETX;                     //ETX
 615   1            send_port(buffer_info,i);                 /*se transmite informacion pt0 paralelo*/
 616   1      }


MODULE INFORMATION:   STATIC OVERLAYABLE
   CODE SIZE        =   1139    ----
   CONSTANT SIZE    =     16    ----
   XDATA SIZE       =   ----      92
   PDATA SIZE       =   ----    ----
   DATA SIZE        =   ----    ----
   IDATA SIZE       =   ----    ----
   BIT SIZE         =   ----    ----
END OF MODULE INFORMATION.


C51 COMPILATION COMPLETE.  0 WARNING(S),  0 ERROR(S)
