C51 COMPILER V9.59.0.0   TIBBO                                                             11/12/2021 16:31:00 PAGE 1   


C51 COMPILER V9.59.0.0, COMPILATION OF MODULE TIBBO
OBJECT MODULE PLACED IN .\Objects\tibbo.obj
COMPILER INVOKED BY: C:\Keil_v5\C51\BIN\C51.EXE tibbo.c LARGE OPTIMIZE(8,SPEED) BROWSE INCDIR(..\vrfcdor_impresora) DEBU
                    -G OBJECTEXTEND PRINT(.\Listings\tibbo.lst) TABS(2) OBJECT(.\Objects\tibbo.obj)

line level    source

   1          #include <reg51.h>
   2          #include "tibbo.h" 
   3          
   4          /*funciones externas*/
   5          extern void Delay_20us(unsigned int cnt);
   6          extern void          _nop_     (void);
   7          extern unsigned char hex_bcd (unsigned char byte);
   8          
   9          /*variable externas*/
  10          extern unsigned char Debug_Tibbo;
  11          
  12          sbit rx_ip = P0^0;          //    
  13          sbit txd2 = P1^0;         //Transmision Aux Datos IP                *
  14          
  15          
  16          /*------------------------------------------------------------------------------
  17          ------------------------------------------------------------------------------*/
  18          void time_bit()
  19          {
  20   1        unsigned char j;
  21   1      
  22   1        for (j=0; j<=7; j++)        //18 para 19200  ...   41 Para 9600  //42 142us //7 a 9600 transmision
  23   1        {
  24   2          _nop_();
  25   2          _nop_();
  26   2          _nop_();
  27   2          _nop_();
  28   2          _nop_();
  29   2          _nop_();
  30   2          _nop_();
  31   2          _nop_();
  32   2          _nop_();
  33   2          
  34   2          _nop_();
  35   2        }
  36   1      }
  37          /*------------------------------------------------------------------------------
  38          ------------------------------------------------------------------------------*/
  39          void time_mbit(void)
  40          {
  41   1        unsigned char j;
  42   1        for (j=0; j<=4; j++)
  43   1        {
  44   2          _nop_();
  45   2          _nop_();
  46   2          _nop_();
  47   2          _nop_();
  48   2          _nop_();
  49   2          _nop_();
  50   2          _nop_();
  51   2        
  52   2          _nop_();
  53   2          _nop_();
  54   2          _nop_();
C51 COMPILER V9.59.0.0   TIBBO                                                             11/12/2021 16:31:00 PAGE 2   

  55   2        }
  56   1      
  57   1      }
  58          
  59          /*------------------------------------------------------------------------------
  60          Transmite un caracter  por tibbo a 9600 bd
  61          ------------------------------------------------------------------------------*/
  62          void tx_aux(unsigned char caracter)
  63          {
  64   1        unsigned char j, temporal, bitTX;
  65   1      
  66   1        EA=0;
  67   1        txd2=0;
  68   1        time_bit();
  69   1          _nop_();
  70   1          _nop_();
  71   1          temporal=caracter;
  72   1        bitTX=caracter&0x01;
  73   1        if (bitTX==0x00)
  74   1        {
  75   2          txd2=0;
  76   2        }
  77   1        else
  78   1        {
  79   2            txd2=1;
  80   2        }
  81   1        time_bit();
  82   1        for (j=1; j<=7; j++)
  83   1        {
  84   2          temporal>>=1;
  85   2          bitTX=temporal&(0x01);
  86   2          if (bitTX==0x00)
  87   2          {
  88   3            txd2=0;
  89   3          }
  90   2          else
  91   2          {
  92   3              txd2=1;
  93   3          }
  94   2          time_bit();
  95   2        }
  96   1        txd2=1;
  97   1        time_bit();
  98   1        time_bit(); 
  99   1      
 100   1        EA=1;
 101   1      }
 102          
 103          /*TEMPORALMENTE FUERA DE SERVICIO PARA EXPEDIDOR TICKET*/
 104          /*
 105          void Debug_HexDec(unsigned char xfc)
 106          {
 107            unsigned int valor;
 108            unsigned char centena, decena, unidad;
 109            valor=0;
 110          
 111            centena=0;
 112            decena=0;
 113            unidad=0;
 114            if (Debug_Tibbo==1)
 115            {  
 116              while (xfc>=0x064)        // resto 100
C51 COMPILER V9.59.0.0   TIBBO                                                             11/12/2021 16:31:00 PAGE 3   

 117              {
 118                xfc=xfc-0x64;
 119                centena=centena+1;
 120              }
 121              while (xfc>=0x0a)       // resto 10
 122              {
 123                xfc=xfc-0x0a;
 124                decena=decena+1;
 125              }
 126              unidad=xfc;
 127                tx_aux(centena|0x30);
 128              tx_aux(decena|0x30);
 129                tx_aux(unidad|0x30);
 130              
 131            }
 132          }
 133          */
 134          /*------------------------------------------------------------------------------
 135          Transmito un caracter pasandolo a ascii 
 136          ------------------------------------------------------------------------------*/
 137          void Debug_chr_Tibbo(unsigned char Dat)
 138          {
 139   1        unsigned char temp;
 140   1        if (Debug_Tibbo==1)
 141   1        {
 142   2          temp=(Dat&0xf0)>>4;
 143   2          (temp>0x09)?(temp=temp+0x37):(temp=temp+0x30);
 144   2            
 145   2          tx_aux(temp);
 146   2                     
 147   2          temp=(Dat&0x0f);
 148   2          (temp>0x09)?(temp=temp+0x37):(temp=temp+0x30);
 149   2          tx_aux(temp);
 150   2          tx_aux(' ');
 151   2        
 152   2        }
 153   1      }
 154          /*------------------------------------------------------------------------------
 155          Transmito un caracter pasandolo a ascii 
 156          ------------------------------------------------------------------------------*/
 157          void Debug_chr_Tibbo32(unsigned long int dato)
 158          {
 159   1        unsigned char temp3,temp2,temp1,temp0;
 160   1        
 161   1        temp3=(dato>>24);
 162   1        temp2=(dato>>16);
 163   1        temp1=(dato>>8);
 164   1        temp0=dato;
 165   1        Debug_chr_Tibbo(temp3);
 166   1        Debug_chr_Tibbo(temp2);
 167   1        Debug_chr_Tibbo(temp1);
 168   1        Debug_chr_Tibbo(temp0);
 169   1        
 170   1      }
 171          
 172          /*------------------------------------------------------------------------------
 173          Transmito un Buffer x y lo pasa a ascii 
 174          io=0 datos enviados
 175          io=1 datos recibidos
 176          ------------------------------------------------------------------------------*/
 177          void DebugBufferMF(unsigned char *str,unsigned char num_char,char io)
 178          {
C51 COMPILER V9.59.0.0   TIBBO                                                             11/12/2021 16:31:00 PAGE 4   

 179   1        unsigned char j;
 180   1       
 181   1        
 182   1        if (Debug_Tibbo==1)
 183   1        {
 184   2          if(io!=0)
 185   2          {
 186   3          Debug_txt_Tibbo((unsigned char *) "Datos MF respuesta: ");
 187   3          }else Debug_txt_Tibbo((unsigned char *) "Datos MF Enviados: ");
 188   2          for (j=0; j<num_char; j++)
 189   2          {
 190   3          Debug_chr_Tibbo(*str);
 191   3          str++;
 192   3          }
 193   2          //tx_aux('\r');
 194   2          tx_aux('\n');
 195   2        }
 196   1      
 197   1      }
 198          
 199          /*------------------------------------------------------------------------------
 200          imprime la trama hasta el caracter null
 201          ------------------------------------------------------------------------------*/
 202          void Debug_txt_Tibbo(unsigned char * str)
 203          {
 204   1        unsigned char i;
 205   1        i=0;
 206   1        
 207   1        if (Debug_Tibbo==1)
 208   1        {
 209   2          for (i=0; str[i] != '\0'; i++)
 210   2          {
 211   3              tx_aux(str[i]);
 212   3          }
 213   2          
 214   2        }
 215   1      }
 216          
 217          void Debug_Dividir_texto()
 218          {
 219   1        Debug_txt_Tibbo((unsigned char *) "/*---------------------------------------*/\r\n");
 220   1      }
 221          
 222          /*------------------------------------------------------------------------------
 223          Recibe la trama del tibbo a 9600bd
 224          ------------------------------------------------------------------------------*/
 225          unsigned char rx_Data(void)
 226          {
 227   1        unsigned char temporal;
 228   1        
 229   1          temporal=0xff;
 230   1          time_mbit();
 231   1      //--------------------------------------------------------------------------------------------------
 232   1          time_bit();
 233   1      //--------------------------------------------------------------------------------------------------
 234   1          temporal=(rx_ip==0)?(temporal&0x7f):(temporal|0x80);
 235   1          temporal>>=1;
 236   1      //------------------------------------------------------------------------------------
 237   1          time_bit();
 238   1      //------------------------------------------------------------------------------------
 239   1          temporal=(rx_ip==0)?(temporal&0x7f):(temporal|0x80);
 240   1          temporal>>=1;
C51 COMPILER V9.59.0.0   TIBBO                                                             11/12/2021 16:31:00 PAGE 5   

 241   1      //------------------------------------------------------------------------------------
 242   1          time_bit();
 243   1      //------------------------------------------------------------------------------------
 244   1          temporal=(rx_ip==0)?(temporal&0x7f):(temporal|0x80);
 245   1          temporal>>=1;
 246   1      //------------------------------------------------------------------------------------
 247   1          time_bit();
 248   1      //------------------------------------------------------------------------------------
 249   1          temporal=(rx_ip==0)?(temporal&0x7f):(temporal|0x80);
 250   1          temporal>>=1;
 251   1      //------------------------------------------------------------------------------------
 252   1          time_bit();
 253   1      //------------------------------------------------------------------------------------
 254   1          temporal=(rx_ip==0)?(temporal&0x7f):(temporal|0x80);
 255   1          temporal>>=1;
 256   1      //------------------------------------------------------------------------------------
 257   1          time_bit();
 258   1      //------------------------------------------------------------------------------------
 259   1          temporal=(rx_ip==0)?(temporal&0x7f):(temporal|0x80);
 260   1          temporal>>=1;
 261   1      //------------------------------------------------------------------------------------
 262   1          time_bit();
 263   1      //------------------------------------------------------------------------------------
 264   1          temporal=(rx_ip==0)?(temporal&0x7f):(temporal|0x80);
 265   1          temporal>>=1;
 266   1      //------------------------------------------------------------------------------------
 267   1          time_bit();
 268   1          temporal=(rx_ip==0)?(temporal&0x7f):(temporal|0x80);
 269   1      //------------------------------------------------------------------------------------
 270   1          time_bit();
 271   1            while (rx_ip==0)
 272   1          {
 273   2          }
 274   1      //------------------------------------------------------------------------------------
 275   1        return temporal; 
 276   1      
 277   1      } 
 278          /*TEMPORALMENTE FUERA DE SERVICIO POR EXPEDIDOR DE TICKET*/
 279          //void Debug_Fecha_actual(unsigned char *buffer)
 280          //{
 281          //  Debug_txt_Tibbo((unsigned char *) "Fecha Actual en Board: ");
 282          //      Debug_chr_Tibbo(hex_bcd(*buffer));                            /*año*/
 283          //      tx_aux('/');
 284          //      Debug_chr_Tibbo(hex_bcd(*(buffer+1)));                        /*mes*/
 285          //      tx_aux('/');
 286          //      Debug_chr_Tibbo(hex_bcd(*(buffer+2)));                        /*dia*/
 287          //      tx_aux(' ');
 288          //      Debug_chr_Tibbo(hex_bcd(*(buffer+3)));                        /*hora*/
 289          //      tx_aux(':');
 290          //      Debug_chr_Tibbo(hex_bcd(*(buffer+4)));                        /*minutos*/
 291          //      Debug_txt_Tibbo((unsigned char *) "\r\n\r\n");
 292          //}
 293          
 294          /*------------------------------------------------------------------------------
 295          Condiciones iniciales de los pines
 296          ------------------------------------------------------------------------------*/
 297          void cond_ini_tibbo(void)
 298          {
 299   1      
 300   1        txd2=1;
 301   1        rx_ip=1;
 302   1      }
C51 COMPILER V9.59.0.0   TIBBO                                                             11/12/2021 16:31:00 PAGE 6   

 303          /*------------------------------------------------------------------------------
 304          ------------------------------------------------------------------------------*/
 305          /*
 306          void DebugRtaStatus(unsigned char Tipo)       // 1='N'  0='P'
 307          {
 308          
 309            if ((Tipo=='N')&&(Debug_Tibbo==1))          
 310            {
 311              Debug_txt_Tibbo(0,(unsigned char *) "Respuesta Incorrecta: N ");
 312          
 313              if ((Buffer_Rta_Lintech[3]=='0')&&(Buffer_Rta_Lintech[4]=='0'))
 314              {
 315                Debug_txt_Tibbo(1,(unsigned char *) "Error No definido");
 316              }         
 317              else if ((Buffer_Rta_Lintech[3]=='0')&&(Buffer_Rta_Lintech[4]=='1'))
 318              {
 319                Debug_txt_Tibbo(1,(unsigned char *) "CMD con Error de Parametro");
 320              }
 321              else if ((Buffer_Rta_Lintech[3]=='0')&&(Buffer_Rta_Lintech[4]=='2'))
 322              {
 323                Debug_txt_Tibbo(1,(unsigned char *) "Error secuencia de ejecucion del CMD");
 324              }
 325              else if ((Buffer_Rta_Lintech[3]=='0')&&(Buffer_Rta_Lintech[4]=='3'))
 326              {
 327                Debug_txt_Tibbo(1,(unsigned char *) "CMD no soportado por Hardware");
 328              }
 329              else if ((Buffer_Rta_Lintech[3]=='1')&&(Buffer_Rta_Lintech[4]=='0'))
 330              {
 331                Debug_txt_Tibbo(1,(unsigned char *) "Tarjeta Atascada / Overtimme");
 332              }
 333              else if ((Buffer_Rta_Lintech[3]=='A')&&(Buffer_Rta_Lintech[4]=='0'))
 334              {
 335                Debug_txt_Tibbo(1,(unsigned char *) "Dispensador Vacio");
 336              }
 337              else if ((Buffer_Rta_Lintech[3]=='A')&&(Buffer_Rta_Lintech[4]=='1'))
 338              {
 339                Debug_txt_Tibbo(1,(unsigned char *) "Colector Lleno");
 340              }
 341            }
 342            else if ((Tipo=='P')&&(Debug_Tibbo==1))               // valido st0  0 canal libre, 1 tarjeta en la boca, 2 tar
             -jeta en rf
 343            {
 344              
 345              if (Buffer_Rta_Lintech[3]=='0')
 346              {
 347                if (Buffer_Rta_Lintech[3]!=Notify)
 348                {
 349                  Debug_txt_Tibbo(1,(unsigned char *) "Canal Libre");
 350                  Notify=Buffer_Rta_Lintech[3];
 351                }
 352              }         
 353              else if (Buffer_Rta_Lintech[3]=='1')
 354              {
 355                if (Buffer_Rta_Lintech[3]!=Notify)
 356                {
 357                  Debug_txt_Tibbo(1,(unsigned char *) "Tarjeta en Bezel");
 358                  Notify=Buffer_Rta_Lintech[3];
 359                }     
 360              }
 361              else if (Buffer_Rta_Lintech[3]=='2')
 362              {
 363                if (Buffer_Rta_Lintech[3]!=Notify)
C51 COMPILER V9.59.0.0   TIBBO                                                             11/12/2021 16:31:00 PAGE 7   

 364                {
 365                  Debug_txt_Tibbo(1,(unsigned char *) "Tarjeta en RF");
 366                  Notify=Buffer_Rta_Lintech[3];
 367                }
 368              }
 369              else
 370              {
 371                if (Buffer_Rta_Lintech[3]!=Notify)
 372                {
 373                  Debug_txt_Tibbo(1,(unsigned char *) "P: Status Incorrecto...");
 374                  Notify=Buffer_Rta_Lintech[3];
 375                }
 376              }
 377              }
 378              
 379          }*/


MODULE INFORMATION:   STATIC OVERLAYABLE
   CODE SIZE        =    624    ----
   CONSTANT SIZE    =     87    ----
   XDATA SIZE       =   ----      15
   PDATA SIZE       =   ----    ----
   DATA SIZE        =   ----    ----
   IDATA SIZE       =   ----    ----
   BIT SIZE         =   ----    ----
END OF MODULE INFORMATION.


C51 COMPILATION COMPLETE.  0 WARNING(S),  0 ERROR(S)
